
	            G L O B A L   R E F E R E N C E S

	             Name               Value        Type
	==============================|=======|===============
	CR                               000A         CONSTANT
	FIM_TEXTO                        0040         CONSTANT
	IO_READ                          FFFF         CONSTANT
	IO_WRITE                         FFFE         CONSTANT
	IO_STATUS                        FFFD         CONSTANT
	INITIAL_SP                       FDFF         CONSTANT
	CURSOR                           FFFC         CONSTANT
	CURSOR_INIT                      FFFF         CONSTANT
	RND_MASK                         8016         CONSTANT
	LSB_MASK                         0001         CONSTANT
	PRIME_NUMER_1                    000B         CONSTANT
	PRIME_NUMER_2                    000D         CONSTANT
	ROW_POSITION                     0000         CONSTANT
	COL_POSITION                     0000         CONSTANT
	ROW_SHIFT                        0008         CONSTANT
	COLUMN_SHIFT                     0008         CONSTANT
	LINE_SIZE                        0050         CONSTANT
	COLUMN_SIZE                      0018         CONSTANT
	TIMER_UNITS                      FFF6         CONSTANT
	TIMER_SET                        FFF7         CONSTANT
	ON                               0001         CONSTANT
	OFF                              0000         CONSTANT
	LEFT_KEY_PRESSED                 0000         CONSTANT
	RIGHT_KEY_PRESSED                0001         CONSTANT
	UP_KEY_PRESSED                   0002         CONSTANT
	DOWN_KEY_PRESSED                 0003         CONSTANT
	TIME_TO_MOVE                     0005         CONSTANT
	FALSE                            0000         CONSTANT
	TRUE                             0001         CONSTANT
	Line0Map                         8000           STRING
	Line1Map                         8050           STRING
	Line2Map                         80A0           STRING
	Line3Map                         80F0           STRING
	Line4Map                         8140           STRING
	Line5Map                         8190           STRING
	Line6Map                         81E0           STRING
	Line7Map                         8230           STRING
	Line8Map                         8280           STRING
	Line9Map                         82D0           STRING
	Line10Map                        8320           STRING
	Line11Map                        8370           STRING
	Line12Map                        83C0           STRING
	Line13Map                        8410           STRING
	Line14Map                        8460           STRING
	Line15Map                        84B0           STRING
	Line16Map                        8500           STRING
	Line17Map                        8550           STRING
	Line18Map                        85A0           STRING
	Line19Map                        85F0           STRING
	Line20Map                        8640           STRING
	Line21Map                        8690           STRING
	Line22Map                        86E0           STRING
	Line23Map                        8730           STRING
	LoseLine                         8781           STRING
	WinLine                          87D1           STRING
	StringToPrint                    8821         VARIABLE
	LineNumberToPrint                8822         VARIABLE
	PrintLoseLine                    8823         VARIABLE
	PrintWinLine                     8824         VARIABLE
	GameOver                         8825         VARIABLE
	LineSnakeHead                    8826         VARIABLE
	ColumnSnakeHead                  8827         VARIABLE
	LineFruit                        8828         VARIABLE
	ColumnFruit                      8829         VARIABLE
	LastKeyPressed                   882A         VARIABLE
	PreviousTailLine                 882B         VARIABLE
	PreviousColumnLine               882C         VARIABLE
	LineArg                          882D         VARIABLE
	ColumnArg                        882E         VARIABLE
	ScoreDez                         882F         VARIABLE
	ScoreUnid                        8830         VARIABLE
	ScoreUndidLine                   8831         VARIABLE
	ScoreUnidColumn                  8832         VARIABLE
	Random_Var                       8833         VARIABLE
	Radom_State                      8834         VARIABLE
	LineArgShiftList                 8835         VARIABLE
	ColumnArgShiftList               8836         VARIABLE
	ListTail                         8837         VARIABLE
	ListHead                         8838         VARIABLE
	INT0                             FE00         VARIABLE
	INT1                             FE01         VARIABLE
	INT2                             FE02         VARIABLE
	INT3                             FE03         VARIABLE
	INT15                            FE0F         VARIABLE
	EsqueletoRotina                  0002            LABEL
	SnakeColision                    0009            LABEL
	CicloCompara                     0018            LABEL
	EndColision                      0027            LABEL
	ShiftListAndIncreaseList         002E            LABEL
	CicloShift                       003B            LABEL
	OrShift                          0058            LABEL
	ShiftListAndMaintainSize         006B            LABEL
	CicloShiftAndMaintainSize        0078            LABEL
	EatFruit                         00B3            LABEL
	NewFruitPosition                 00D4            LABEL
	Endif                            00F7            LABEL
	EatFruitEnd                      00FF            LABEL
	RandomV1                         0105            LABEL
	Rnd_Rotate                       010F            LABEL
	Score                            0113            LABEL
	AtualizaDezena                   0121            LABEL
	AtualizaUnid                     013E            LABEL
	EndScore                         0149            LABEL
	InsertList                       014D            LABEL
	ConfigureTimer                   0160            LABEL
	RightKeyPressed                  016B            LABEL
	LeftKeyPressed                   0172            LABEL
	UpKeyPressed                     0179            LABEL
	DownKeyPressed                   0180            LABEL
	Timer                            0187            LABEL
	MoveSnakeRight                   01A2            LABEL
	CheckEatFruitRight               01B2            LABEL
	UpdateSnakeToRight               01B6            LABEL
	MoveSnakeUp                      01C7            LABEL
	CheckEatFruitUp                  01D7            LABEL
	UpdateSnakeUp                    01DB            LABEL
	MoveSnakeDown                    01EC            LABEL
	CheckEatFruitDown                01FC            LABEL
	UpdateSnakeDown                  0200            LABEL
	MoveSnakeLeft                    0211            LABEL
	CheckEatFruitLeft                0221            LABEL
	UpdateSnakeToLeft                0225            LABEL
	PrintLine                        0236            LABEL
	while_PrintColumn                023C            LABEL
	while_PrintLine                  023E            LABEL
	PrintMap                         025B            LABEL
	Lose                             026C            LABEL
	PrintLose                        0278            LABEL
	LoseForever                      0287            LABEL
	Win                              028E            LABEL
	PrintWin                         029A            LABEL
	WinForever                       02A9            LABEL
	Main                             02B0            LABEL
	Cycle                            02CA            LABEL
	Halt                             02CB            LABEL
